[2025-03-30T23:06:19.734281+00:00] security.DEBUG: Checking for authenticator support. {"firewall_name":"main","authenticators":2} []
[2025-03-30T23:06:19.734452+00:00] security.DEBUG: Checking support on authenticator. {"firewall_name":"main","authenticator":"Symfony\\Component\\Security\\Http\\Authenticator\\FormLoginAuthenticator"} []
[2025-03-30T23:06:19.734472+00:00] security.DEBUG: Authenticator does not support the request. {"firewall_name":"main","authenticator":"Symfony\\Component\\Security\\Http\\Authenticator\\FormLoginAuthenticator"} []
[2025-03-30T23:06:19.734484+00:00] security.DEBUG: Checking support on authenticator. {"firewall_name":"main","authenticator":"Symfony\\Component\\Security\\Http\\Authenticator\\RememberMeAuthenticator"} []
[2025-03-30T23:06:19.734498+00:00] security.DEBUG: Authenticator does not support the request. {"firewall_name":"main","authenticator":"Symfony\\Component\\Security\\Http\\Authenticator\\RememberMeAuthenticator"} []
[2025-03-30T23:06:21.172751+00:00] security.DEBUG: Checking for authenticator support. {"firewall_name":"main","authenticators":2} []
[2025-03-30T23:06:21.172893+00:00] security.DEBUG: Checking support on authenticator. {"firewall_name":"main","authenticator":"Symfony\\Component\\Security\\Http\\Authenticator\\FormLoginAuthenticator"} []
[2025-03-30T23:06:21.172923+00:00] security.DEBUG: Authenticator does not support the request. {"firewall_name":"main","authenticator":"Symfony\\Component\\Security\\Http\\Authenticator\\FormLoginAuthenticator"} []
[2025-03-30T23:06:21.172943+00:00] security.DEBUG: Checking support on authenticator. {"firewall_name":"main","authenticator":"Symfony\\Component\\Security\\Http\\Authenticator\\RememberMeAuthenticator"} []
[2025-03-30T23:06:21.172968+00:00] security.DEBUG: Authenticator does not support the request. {"firewall_name":"main","authenticator":"Symfony\\Component\\Security\\Http\\Authenticator\\RememberMeAuthenticator"} []
[2025-03-30T23:06:23.457481+00:00] security.DEBUG: Checking for authenticator support. {"firewall_name":"main","authenticators":2} []
[2025-03-30T23:06:23.457857+00:00] security.DEBUG: Checking support on authenticator. {"firewall_name":"main","authenticator":"Symfony\\Component\\Security\\Http\\Authenticator\\FormLoginAuthenticator"} []
[2025-03-30T23:06:23.457902+00:00] security.DEBUG: Authenticator does not support the request. {"firewall_name":"main","authenticator":"Symfony\\Component\\Security\\Http\\Authenticator\\FormLoginAuthenticator"} []
[2025-03-30T23:06:23.457928+00:00] security.DEBUG: Checking support on authenticator. {"firewall_name":"main","authenticator":"Symfony\\Component\\Security\\Http\\Authenticator\\RememberMeAuthenticator"} []
[2025-03-30T23:06:23.457978+00:00] security.DEBUG: Authenticator does not support the request. {"firewall_name":"main","authenticator":"Symfony\\Component\\Security\\Http\\Authenticator\\RememberMeAuthenticator"} []
[2025-03-30T23:06:24.887588+00:00] security.DEBUG: Checking for authenticator support. {"firewall_name":"main","authenticators":2} []
[2025-03-30T23:06:24.887840+00:00] security.DEBUG: Checking support on authenticator. {"firewall_name":"main","authenticator":"Symfony\\Component\\Security\\Http\\Authenticator\\FormLoginAuthenticator"} []
[2025-03-30T23:06:24.887879+00:00] security.DEBUG: Authenticator does not support the request. {"firewall_name":"main","authenticator":"Symfony\\Component\\Security\\Http\\Authenticator\\FormLoginAuthenticator"} []
[2025-03-30T23:06:24.887903+00:00] security.DEBUG: Checking support on authenticator. {"firewall_name":"main","authenticator":"Symfony\\Component\\Security\\Http\\Authenticator\\RememberMeAuthenticator"} []
[2025-03-30T23:06:24.887942+00:00] security.DEBUG: Authenticator does not support the request. {"firewall_name":"main","authenticator":"Symfony\\Component\\Security\\Http\\Authenticator\\RememberMeAuthenticator"} []
[2025-03-30T23:06:40.328760+00:00] security.DEBUG: Checking for authenticator support. {"firewall_name":"main","authenticators":2} []
[2025-03-30T23:06:40.328939+00:00] security.DEBUG: Checking support on authenticator. {"firewall_name":"main","authenticator":"Symfony\\Component\\Security\\Http\\Authenticator\\FormLoginAuthenticator"} []
[2025-03-30T23:06:40.328981+00:00] security.DEBUG: Authenticator does not support the request. {"firewall_name":"main","authenticator":"Symfony\\Component\\Security\\Http\\Authenticator\\FormLoginAuthenticator"} []
[2025-03-30T23:06:40.329000+00:00] security.DEBUG: Checking support on authenticator. {"firewall_name":"main","authenticator":"Symfony\\Component\\Security\\Http\\Authenticator\\RememberMeAuthenticator"} []
[2025-03-30T23:06:40.329031+00:00] security.DEBUG: Authenticator does not support the request. {"firewall_name":"main","authenticator":"Symfony\\Component\\Security\\Http\\Authenticator\\RememberMeAuthenticator"} []
[2025-03-30T23:19:11.706441+00:00] security.DEBUG: Checking for authenticator support. {"firewall_name":"main","authenticators":2} []
[2025-03-30T23:19:11.708017+00:00] security.DEBUG: Checking support on authenticator. {"firewall_name":"main","authenticator":"Symfony\\Component\\Security\\Http\\Authenticator\\FormLoginAuthenticator"} []
[2025-03-30T23:19:11.708041+00:00] security.DEBUG: Authenticator does not support the request. {"firewall_name":"main","authenticator":"Symfony\\Component\\Security\\Http\\Authenticator\\FormLoginAuthenticator"} []
[2025-03-30T23:19:11.708055+00:00] security.DEBUG: Checking support on authenticator. {"firewall_name":"main","authenticator":"Symfony\\Component\\Security\\Http\\Authenticator\\RememberMeAuthenticator"} []
[2025-03-30T23:19:11.708253+00:00] security.DEBUG: Authenticator does not support the request. {"firewall_name":"main","authenticator":"Symfony\\Component\\Security\\Http\\Authenticator\\RememberMeAuthenticator"} []
[2025-03-30T23:19:16.537116+00:00] security.DEBUG: Checking for authenticator support. {"firewall_name":"main","authenticators":2} []
[2025-03-30T23:19:16.537460+00:00] security.DEBUG: Checking support on authenticator. {"firewall_name":"main","authenticator":"Symfony\\Component\\Security\\Http\\Authenticator\\FormLoginAuthenticator"} []
[2025-03-30T23:19:16.537506+00:00] security.DEBUG: Authenticator does not support the request. {"firewall_name":"main","authenticator":"Symfony\\Component\\Security\\Http\\Authenticator\\FormLoginAuthenticator"} []
[2025-03-30T23:19:16.537532+00:00] security.DEBUG: Checking support on authenticator. {"firewall_name":"main","authenticator":"Symfony\\Component\\Security\\Http\\Authenticator\\RememberMeAuthenticator"} []
[2025-03-30T23:19:16.537579+00:00] security.DEBUG: Authenticator does not support the request. {"firewall_name":"main","authenticator":"Symfony\\Component\\Security\\Http\\Authenticator\\RememberMeAuthenticator"} []
[2025-03-30T23:19:38.172326+00:00] security.DEBUG: Checking for authenticator support. {"firewall_name":"main","authenticators":2} []
[2025-03-30T23:19:38.172642+00:00] security.DEBUG: Checking support on authenticator. {"firewall_name":"main","authenticator":"Symfony\\Component\\Security\\Http\\Authenticator\\FormLoginAuthenticator"} []
[2025-03-30T23:19:38.172677+00:00] security.DEBUG: Authenticator does not support the request. {"firewall_name":"main","authenticator":"Symfony\\Component\\Security\\Http\\Authenticator\\FormLoginAuthenticator"} []
[2025-03-30T23:19:38.172698+00:00] security.DEBUG: Checking support on authenticator. {"firewall_name":"main","authenticator":"Symfony\\Component\\Security\\Http\\Authenticator\\RememberMeAuthenticator"} []
[2025-03-30T23:19:38.172737+00:00] security.DEBUG: Authenticator does not support the request. {"firewall_name":"main","authenticator":"Symfony\\Component\\Security\\Http\\Authenticator\\RememberMeAuthenticator"} []
[2025-03-30T23:19:38.243083+00:00] security.DEBUG: Checking for authenticator support. {"firewall_name":"main","authenticators":2} []
[2025-03-30T23:19:38.243179+00:00] security.DEBUG: Checking support on authenticator. {"firewall_name":"main","authenticator":"Symfony\\Component\\Security\\Http\\Authenticator\\FormLoginAuthenticator"} []
[2025-03-30T23:19:38.243202+00:00] security.DEBUG: Authenticator does not support the request. {"firewall_name":"main","authenticator":"Symfony\\Component\\Security\\Http\\Authenticator\\FormLoginAuthenticator"} []
[2025-03-30T23:19:38.243233+00:00] security.DEBUG: Checking support on authenticator. {"firewall_name":"main","authenticator":"Symfony\\Component\\Security\\Http\\Authenticator\\RememberMeAuthenticator"} []
[2025-03-30T23:19:38.243260+00:00] security.DEBUG: Authenticator does not support the request. {"firewall_name":"main","authenticator":"Symfony\\Component\\Security\\Http\\Authenticator\\RememberMeAuthenticator"} []
[2025-03-30T23:19:42.215736+00:00] security.DEBUG: Checking for authenticator support. {"firewall_name":"main","authenticators":2} []
[2025-03-30T23:19:42.216083+00:00] security.DEBUG: Checking support on authenticator. {"firewall_name":"main","authenticator":"Symfony\\Component\\Security\\Http\\Authenticator\\FormLoginAuthenticator"} []
[2025-03-30T23:19:42.216135+00:00] security.DEBUG: Authenticator does not support the request. {"firewall_name":"main","authenticator":"Symfony\\Component\\Security\\Http\\Authenticator\\FormLoginAuthenticator"} []
[2025-03-30T23:19:42.216171+00:00] security.DEBUG: Checking support on authenticator. {"firewall_name":"main","authenticator":"Symfony\\Component\\Security\\Http\\Authenticator\\RememberMeAuthenticator"} []
[2025-03-30T23:19:42.216227+00:00] security.DEBUG: Authenticator does not support the request. {"firewall_name":"main","authenticator":"Symfony\\Component\\Security\\Http\\Authenticator\\RememberMeAuthenticator"} []
[2025-03-30T23:19:44.484679+00:00] security.DEBUG: Checking for authenticator support. {"firewall_name":"main","authenticators":2} []
[2025-03-30T23:19:44.484810+00:00] security.DEBUG: Checking support on authenticator. {"firewall_name":"main","authenticator":"Symfony\\Component\\Security\\Http\\Authenticator\\FormLoginAuthenticator"} []
[2025-03-30T23:19:44.484835+00:00] security.DEBUG: Authenticator does not support the request. {"firewall_name":"main","authenticator":"Symfony\\Component\\Security\\Http\\Authenticator\\FormLoginAuthenticator"} []
[2025-03-30T23:19:44.484850+00:00] security.DEBUG: Checking support on authenticator. {"firewall_name":"main","authenticator":"Symfony\\Component\\Security\\Http\\Authenticator\\RememberMeAuthenticator"} []
[2025-03-30T23:19:44.484872+00:00] security.DEBUG: Authenticator does not support the request. {"firewall_name":"main","authenticator":"Symfony\\Component\\Security\\Http\\Authenticator\\RememberMeAuthenticator"} []
[2025-03-30T23:19:44.976937+00:00] security.DEBUG: Checking for authenticator support. {"firewall_name":"main","authenticators":2} []
[2025-03-30T23:19:44.977056+00:00] security.DEBUG: Checking support on authenticator. {"firewall_name":"main","authenticator":"Symfony\\Component\\Security\\Http\\Authenticator\\FormLoginAuthenticator"} []
[2025-03-30T23:19:44.977077+00:00] security.DEBUG: Authenticator does not support the request. {"firewall_name":"main","authenticator":"Symfony\\Component\\Security\\Http\\Authenticator\\FormLoginAuthenticator"} []
[2025-03-30T23:19:44.977090+00:00] security.DEBUG: Checking support on authenticator. {"firewall_name":"main","authenticator":"Symfony\\Component\\Security\\Http\\Authenticator\\RememberMeAuthenticator"} []
[2025-03-30T23:19:44.977114+00:00] security.DEBUG: Authenticator does not support the request. {"firewall_name":"main","authenticator":"Symfony\\Component\\Security\\Http\\Authenticator\\RememberMeAuthenticator"} []
[2025-03-30T23:19:47.030656+00:00] security.DEBUG: Checking for authenticator support. {"firewall_name":"main","authenticators":2} []
[2025-03-30T23:19:47.030832+00:00] security.DEBUG: Checking support on authenticator. {"firewall_name":"main","authenticator":"Symfony\\Component\\Security\\Http\\Authenticator\\FormLoginAuthenticator"} []
[2025-03-30T23:19:47.030866+00:00] security.DEBUG: Authenticator does not support the request. {"firewall_name":"main","authenticator":"Symfony\\Component\\Security\\Http\\Authenticator\\FormLoginAuthenticator"} []
[2025-03-30T23:19:47.030898+00:00] security.DEBUG: Checking support on authenticator. {"firewall_name":"main","authenticator":"Symfony\\Component\\Security\\Http\\Authenticator\\RememberMeAuthenticator"} []
[2025-03-30T23:19:47.030933+00:00] security.DEBUG: Authenticator does not support the request. {"firewall_name":"main","authenticator":"Symfony\\Component\\Security\\Http\\Authenticator\\RememberMeAuthenticator"} []
[2025-03-30T23:19:48.226736+00:00] security.DEBUG: Checking for authenticator support. {"firewall_name":"main","authenticators":2} []
[2025-03-30T23:19:48.226915+00:00] security.DEBUG: Checking support on authenticator. {"firewall_name":"main","authenticator":"Symfony\\Component\\Security\\Http\\Authenticator\\FormLoginAuthenticator"} []
[2025-03-30T23:19:48.226952+00:00] security.DEBUG: Authenticator does not support the request. {"firewall_name":"main","authenticator":"Symfony\\Component\\Security\\Http\\Authenticator\\FormLoginAuthenticator"} []
[2025-03-30T23:19:48.226975+00:00] security.DEBUG: Checking support on authenticator. {"firewall_name":"main","authenticator":"Symfony\\Component\\Security\\Http\\Authenticator\\RememberMeAuthenticator"} []
[2025-03-30T23:19:48.227007+00:00] security.DEBUG: Authenticator does not support the request. {"firewall_name":"main","authenticator":"Symfony\\Component\\Security\\Http\\Authenticator\\RememberMeAuthenticator"} []
[2025-03-30T23:19:48.604019+00:00] security.DEBUG: Checking for authenticator support. {"firewall_name":"main","authenticators":2} []
[2025-03-30T23:19:48.604177+00:00] security.DEBUG: Checking support on authenticator. {"firewall_name":"main","authenticator":"Symfony\\Component\\Security\\Http\\Authenticator\\FormLoginAuthenticator"} []
[2025-03-30T23:19:48.604203+00:00] security.DEBUG: Authenticator does not support the request. {"firewall_name":"main","authenticator":"Symfony\\Component\\Security\\Http\\Authenticator\\FormLoginAuthenticator"} []
[2025-03-30T23:19:48.604218+00:00] security.DEBUG: Checking support on authenticator. {"firewall_name":"main","authenticator":"Symfony\\Component\\Security\\Http\\Authenticator\\RememberMeAuthenticator"} []
[2025-03-30T23:19:48.604240+00:00] security.DEBUG: Authenticator does not support the request. {"firewall_name":"main","authenticator":"Symfony\\Component\\Security\\Http\\Authenticator\\RememberMeAuthenticator"} []
[2025-03-30T23:23:21.309466+00:00] security.DEBUG: Checking for authenticator support. {"firewall_name":"main","authenticators":2} []
[2025-03-30T23:23:21.309754+00:00] security.DEBUG: Checking support on authenticator. {"firewall_name":"main","authenticator":"Symfony\\Component\\Security\\Http\\Authenticator\\FormLoginAuthenticator"} []
[2025-03-30T23:23:21.309791+00:00] security.DEBUG: Authenticator does not support the request. {"firewall_name":"main","authenticator":"Symfony\\Component\\Security\\Http\\Authenticator\\FormLoginAuthenticator"} []
[2025-03-30T23:23:21.309811+00:00] security.DEBUG: Checking support on authenticator. {"firewall_name":"main","authenticator":"Symfony\\Component\\Security\\Http\\Authenticator\\RememberMeAuthenticator"} []
[2025-03-30T23:23:21.309847+00:00] security.DEBUG: Authenticator does not support the request. {"firewall_name":"main","authenticator":"Symfony\\Component\\Security\\Http\\Authenticator\\RememberMeAuthenticator"} []
[2025-03-30T23:23:22.451758+00:00] security.DEBUG: Checking for authenticator support. {"firewall_name":"main","authenticators":2} []
[2025-03-30T23:23:22.452066+00:00] security.DEBUG: Checking support on authenticator. {"firewall_name":"main","authenticator":"Symfony\\Component\\Security\\Http\\Authenticator\\FormLoginAuthenticator"} []
[2025-03-30T23:23:22.452113+00:00] security.DEBUG: Authenticator does not support the request. {"firewall_name":"main","authenticator":"Symfony\\Component\\Security\\Http\\Authenticator\\FormLoginAuthenticator"} []
[2025-03-30T23:23:22.452140+00:00] security.DEBUG: Checking support on authenticator. {"firewall_name":"main","authenticator":"Symfony\\Component\\Security\\Http\\Authenticator\\RememberMeAuthenticator"} []
[2025-03-30T23:23:22.452204+00:00] security.DEBUG: Authenticator does not support the request. {"firewall_name":"main","authenticator":"Symfony\\Component\\Security\\Http\\Authenticator\\RememberMeAuthenticator"} []
[2025-03-30T23:23:24.404066+00:00] security.DEBUG: Checking for authenticator support. {"firewall_name":"main","authenticators":2} []
[2025-03-30T23:23:24.404201+00:00] security.DEBUG: Checking support on authenticator. {"firewall_name":"main","authenticator":"Symfony\\Component\\Security\\Http\\Authenticator\\FormLoginAuthenticator"} []
[2025-03-30T23:23:24.404228+00:00] security.DEBUG: Authenticator does not support the request. {"firewall_name":"main","authenticator":"Symfony\\Component\\Security\\Http\\Authenticator\\FormLoginAuthenticator"} []
[2025-03-30T23:23:24.404247+00:00] security.DEBUG: Checking support on authenticator. {"firewall_name":"main","authenticator":"Symfony\\Component\\Security\\Http\\Authenticator\\RememberMeAuthenticator"} []
[2025-03-30T23:23:24.404275+00:00] security.DEBUG: Authenticator does not support the request. {"firewall_name":"main","authenticator":"Symfony\\Component\\Security\\Http\\Authenticator\\RememberMeAuthenticator"} []
